0 info it worked if it ends with ok
1 verbose cli [ 'C:\\Program Files\\nodejs\\node.exe',
1 verbose cli   'C:\\Program Files\\nodejs\\node_modules\\npm\\bin\\npm-cli.js',
1 verbose cli   'run',
1 verbose cli   'vsc-mongo' ]
2 info using npm@3.10.10
3 info using node@v6.9.3
4 verbose run-script [ 'prevsc-mongo', 'vsc-mongo', 'postvsc-mongo' ]
5 info lifecycle fcc-tonight@1.0.0~prevsc-mongo: fcc-tonight@1.0.0
6 silly lifecycle fcc-tonight@1.0.0~prevsc-mongo: no script for prevsc-mongo, continuing
7 info lifecycle fcc-tonight@1.0.0~vsc-mongo: fcc-tonight@1.0.0
8 verbose lifecycle fcc-tonight@1.0.0~vsc-mongo: unsafe-perm in lifecycle true
9 verbose lifecycle fcc-tonight@1.0.0~vsc-mongo: PATH: C:\Program Files\nodejs\node_modules\npm\bin\node-gyp-bin;C:\node\fcc-tonight\node_modules\.bin;C:\Program Files (x86)\Intel\iCLS Client\;C:\Program Files\Intel\iCLS Client\;C:\Windows\system32;C:\Windows;C:\Windows\System32\Wbem;C:\Windows\System32\WindowsPowerShell\v1.0\;C:\Program Files (x86)\Intel\Intel(R) Management Engine Components\DAL;C:\Program Files\Intel\Intel(R) Management Engine Components\DAL;C:\Program Files (x86)\Intel\Intel(R) Management Engine Components\IPT;C:\Program Files\Intel\Intel(R) Management Engine Components\IPT;C:\Program Files (x86)\NVIDIA Corporation\PhysX\Common;C:\Program Files\nodejs\;C:\WINDOWS\system32;C:\WINDOWS;C:\WINDOWS\System32\Wbem;C:\WINDOWS\System32\WindowsPowerShell\v1.0\;C:\Program Files\Git\cmd;C:\Program Files\MongoDB\Server\3.4\bin\;C:\Program Files (x86)\Microsoft VS Code\bin;C:\Users\culli\AppData\Roaming\npm;C:\Users\culli\AppData\Local\Microsoft\WindowsApps;
10 verbose lifecycle fcc-tonight@1.0.0~vsc-mongo: CWD: C:\node\fcc-tonight
11 silly lifecycle fcc-tonight@1.0.0~vsc-mongo: Args: [ '/d /s /c', 'npm run vsc-run-mongo' ]
12 verbose stack Error: kill ENOSYS
12 verbose stack     at exports._errnoException (util.js:1022:11)
12 verbose stack     at process.kill (internal/process.js:172:13)
12 verbose stack     at process.listener (C:\Program Files\nodejs\node_modules\npm\node_modules\npmlog\node_modules\gauge\node_modules\signal-exit\index.js:86:15)
12 verbose stack     at emitNone (events.js:91:20)
12 verbose stack     at process.emit (events.js:185:7)
12 verbose stack     at processEmit (C:\Program Files\nodejs\node_modules\npm\node_modules\npmlog\node_modules\gauge\node_modules\signal-exit\index.js:146:32)
12 verbose stack     at processEmit (C:\Program Files\nodejs\node_modules\npm\node_modules\npm-registry-client\node_modules\npmlog\node_modules\gauge\node_modules\signal-exit\index.js:146:32)
12 verbose stack     at Signal.wrap.onsignal (internal/process.js:199:44)
13 verbose cwd C:\node\fcc-tonight
14 error Windows_NT 10.0.15063
15 error argv "C:\\Program Files\\nodejs\\node.exe" "C:\\Program Files\\nodejs\\node_modules\\npm\\bin\\npm-cli.js" "run" "vsc-mongo"
16 error node v6.9.3
17 error npm  v3.10.10
18 error code ENOSYS
19 error errno ENOSYS
20 error syscall kill
21 error kill ENOSYS
22 error If you need help, you may report this error at:
22 error     <https://github.com/npm/npm/issues>
23 verbose exit [ 1, true ]
